<?xml version="1.0" encoding="UTF-8"?>
<!-- Generated by org.testng.reporters.JUnitXMLReporter -->
<testsuite ignored="0" hostname="admin-PC" failures="0" tests="3" name="Command line test" time="287.599" errors="0" timestamp="05 Jul 2021 22:31:24 GMT">
  <testcase classname="com.nine.test.test.CompaniesPageTest" name="verifyNewsTitle" time="80.553"/>
  <testcase classname="com.nine.test.test.HomePageTest" name="launchHomePageTest" time="0.261"/>
  <testcase classname="com.nine.test.test.PolicyPageTest" name="verifyPopup" time="26.554"/>
</testsuite> <!-- Command line test -->
