<?xml version="1.0" encoding="UTF-8"?>
<!-- Generated by org.testng.reporters.JUnitXMLReporter -->
<testsuite ignored="0" hostname="admin-PC" failures="0" tests="3" name="Test" time="173.62" errors="0" timestamp="05 Jul 2021 21:10:18 GMT">
  <testcase classname="com.nine.test.test.HomePageTest" name="launchHomePageTest" time="0.072"/>
  <testcase classname="com.nine.test.test.PolicyPageTest" name="verifyPopup" time="25.256"/>
  <testcase classname="com.nine.test.test.CompaniesPageTest" name="verifyNewsTitle" time="52.892"/>
</testsuite> <!-- Test -->
